  test.cpp
D:\编程语言\code\everyday\test-9-1\test-9-1\test.cpp(239,12): error C3861: “getch”: 找不到标识符
D:\编程语言\code\everyday\test-9-1\test-9-1\test.cpp(240,7): error C3861: “rand”: 找不到标识符
